<?xml version="1.0" encoding="UTF-8"?>
<testsuite xmlns:xsi="http://www.w3.org/2001/XMLSchema-instance" xsi:noNamespaceSchemaLocation="https://maven.apache.org/surefire/maven-surefire-plugin/xsd/surefire-test-report-3.0.xsd" version="3.0" name="runners.TestRunner" time="9.536" tests="3" errors="0" skipped="0" failures="0">
  <properties>
[...]
</properties>
  <testcase name="runScenario[&quot;Verify login page title&quot;, &quot;Login Test&quot;](1)" classname="runners.TestRunner" time="4.497">
    <system-out><![CDATA[
Scenario: Verify login page title              &amp#27;[90m# src/test/resources/features/login.feature:3&amp#27;[0m
  &amp#27;[32mGiven &amp#27;[0m&amp#27;[32muser opens the browser&amp#27;[0m                 &amp#27;[90m# stepdefinitions.LoginSteps.openBrowser()&amp#27;[0m
  &amp#27;[32mWhen &amp#27;[0m&amp#27;[32muser navigates to &amp#27;[0m&amp#27;[32m&amp#27;[1m"https://example.com"&amp#27;[0m &amp#27;[90m# stepdefinitions.LoginSteps.navigateTo(java.lang.String)&amp#27;[0m
  &amp#27;[32mThen &amp#27;[0m&amp#27;[32mpage title should contain &amp#27;[0m&amp#27;[32m&amp#27;[1m"Example"&amp#27;[0m     &amp#27;[90m# stepdefinitions.LoginSteps.validateTitle(java.lang.String)&amp#27;[0m
]]></system-out>
    <system-err><![CDATA[SLF4J: Failed to load class "org.slf4j.impl.StaticLoggerBinder".
SLF4J: Defaulting to no-operation (NOP) logger implementation
SLF4J: See http://www.slf4j.org/codes.html#StaticLoggerBinder for further details.
Apr 06, 2026 12:52:34 PM org.openqa.selenium.remote.tracing.opentelemetry.OpenTelemetryTracer createTracer
INFO: Using OpenTelemetry for tracing
]]></system-err>
  </testcase>
  <testcase name="runScenario[&quot;Verify login page title&quot;, &quot;Login Test&quot;](2)" classname="runners.TestRunner" time="2.092">
    <system-out><![CDATA[
Scenario: Verify login page title              &amp#27;[90m# src/test/resources/features/login.feature:8&amp#27;[0m
  &amp#27;[32mGiven &amp#27;[0m&amp#27;[32muser opens the browser&amp#27;[0m                 &amp#27;[90m# stepdefinitions.LoginSteps.openBrowser()&amp#27;[0m
  &amp#27;[32mWhen &amp#27;[0m&amp#27;[32muser navigates to &amp#27;[0m&amp#27;[32m&amp#27;[1m"https://example.com"&amp#27;[0m &amp#27;[90m# stepdefinitions.LoginSteps.navigateTo(java.lang.String)&amp#27;[0m
  &amp#27;[32mThen &amp#27;[0m&amp#27;[32mpage title should contain &amp#27;[0m&amp#27;[32m&amp#27;[1m"Example"&amp#27;[0m     &amp#27;[90m# stepdefinitions.LoginSteps.validateTitle(java.lang.String)&amp#27;[0m
]]></system-out>
  </testcase>
  <testcase name="runScenario[&quot;Verify login page title&quot;, &quot;Login Test&quot;](3)" classname="runners.TestRunner" time="1.715">
    <system-out><![CDATA[
Scenario: Verify login page title              &amp#27;[90m# src/test/resources/features/login.feature:13&amp#27;[0m
  &amp#27;[32mGiven &amp#27;[0m&amp#27;[32muser opens the browser&amp#27;[0m                 &amp#27;[90m# stepdefinitions.LoginSteps.openBrowser()&amp#27;[0m
  &amp#27;[32mWhen &amp#27;[0m&amp#27;[32muser navigates to &amp#27;[0m&amp#27;[32m&amp#27;[1m"https://example.com"&amp#27;[0m &amp#27;[90m# stepdefinitions.LoginSteps.navigateTo(java.lang.String)&amp#27;[0m
  &amp#27;[32mThen &amp#27;[0m&amp#27;[32mpage title should contain &amp#27;[0m&amp#27;[32m&amp#27;[1m"Example"&amp#27;[0m     &amp#27;[90m# stepdefinitions.LoginSteps.validateTitle(java.lang.String)&amp#27;[0m
]]></system-out>
  </testcase>
</testsuite>