<?xml version="1.0" encoding="UTF-8"?>
<!-- Generated by org.testng.reporters.JUnitReportReporter -->
<testsuite hostname="LAPTOP-VU4Q2S43" failures="0" tests="3" name="runners.TestRunner" time="8.303" errors="0" timestamp="2026-04-06T12:52:42 IST" skipped="0">
  <testcase classname="runners.TestRunner" name="runScenario" time="4.494"/>
  <testcase classname="runners.TestRunner" name="runScenario" time="2.091"/>
  <testcase classname="runners.TestRunner" name="runScenario" time="1.718"/>
</testsuite> <!-- runners.TestRunner -->
